{"timestamp":"2025-07-30 20:03:18","message":"Iniciando processo de atualiza\u00e7\u00e3o de perfil","data":{"user_id":1,"post_data":{"nome":"Luan","sobrenome":"Aquino","email":"teste@gmail.com"},"files":"foto_enviada"}}
{"timestamp":"2025-07-30 20:03:18","message":"Dados processados","data":{"nome":"Luan","sobrenome":"Aquino","email":"teste@gmail.com"}}
{"timestamp":"2025-07-30 20:03:18","message":"Processando upload de foto","data":{"file_name":"download.jpeg","file_size":44153,"file_type":"image\/jpeg"}}
{"timestamp":"2025-07-30 20:03:18","message":"Upload de foto bem-sucedido","data":{"filename":"688a7a864d03e_1753905798.jpeg"}}
{"timestamp":"2025-07-30 20:03:18","message":"Executando query de atualiza\u00e7\u00e3o","data":{"query":"UPDATE usuarios SET nome = :nome, sobrenome = :sobrenome, email = :email, foto_perfil = :foto, updated_at = NOW() WHERE id_user = :id_user","params":[":nome",":sobrenome",":email",":id_user",":foto"]}}
{"timestamp":"2025-07-30 20:03:18","message":"Atualiza\u00e7\u00e3o bem-sucedida","data":{"rows_affected":1,"user_id":"1"}}
{"timestamp":"2025-07-30 20:06:37","message":"Iniciando processo de atualiza\u00e7\u00e3o de perfil","data":{"user_id":1,"post_data":{"nome":"Luan ","sobrenome":"Aquino","email":"teste@gmail.com"},"files":"foto_enviada"}}
{"timestamp":"2025-07-30 20:06:37","message":"Dados processados","data":{"nome":"Luan","sobrenome":"Aquino","email":"teste@gmail.com"}}
{"timestamp":"2025-07-30 20:06:37","message":"Processando upload de foto","data":{"file_name":"Imagem do WhatsApp de 2025-07-11 \u00e0(s) 15.46.32_71e6904a.jpg","file_size":80611,"file_type":"image\/jpeg"}}
{"timestamp":"2025-07-30 20:06:37","message":"Upload de foto bem-sucedido","data":{"filename":"688a7b4d26ffc_1753905997.jpg"}}
{"timestamp":"2025-07-30 20:06:37","message":"Foto antiga removida","data":{"foto_antiga":"688a7a864d03e_1753905798.jpeg"}}
{"timestamp":"2025-07-30 20:06:37","message":"Executando query de atualiza\u00e7\u00e3o","data":{"query":"UPDATE usuarios SET nome = :nome, sobrenome = :sobrenome, email = :email, foto_perfil = :foto, updated_at = NOW() WHERE id_user = :id_user","params":[":nome",":sobrenome",":email",":id_user",":foto"]}}
{"timestamp":"2025-07-30 20:06:37","message":"Atualiza\u00e7\u00e3o bem-sucedida","data":{"rows_affected":1,"user_id":"1"}}
{"timestamp":"2025-07-30 20:23:05","message":"Iniciando processo de atualiza\u00e7\u00e3o de perfil","data":{"user_id":2,"post_data":{"nome":"anny","sobrenome":"reis","email":"anny@gmail.com"},"files":"foto_enviada"}}
{"timestamp":"2025-07-30 20:23:05","message":"Dados processados","data":{"nome":"anny","sobrenome":"reis","email":"anny@gmail.com"}}
{"timestamp":"2025-07-30 20:23:05","message":"Processando upload de foto","data":{"file_name":"download.jpeg","file_size":44153,"file_type":"image\/jpeg"}}
{"timestamp":"2025-07-30 20:23:05","message":"Upload de foto bem-sucedido","data":{"filename":"688a7f299d078_1753906985.jpeg"}}
{"timestamp":"2025-07-30 20:23:05","message":"Executando query de atualiza\u00e7\u00e3o","data":{"query":"UPDATE usuarios SET nome = :nome, sobrenome = :sobrenome, email = :email, foto_perfil = :foto, updated_at = NOW() WHERE id_user = :id_user","params":[":nome",":sobrenome",":email",":id_user",":foto"]}}
{"timestamp":"2025-07-30 20:23:05","message":"Atualiza\u00e7\u00e3o bem-sucedida","data":{"rows_affected":1,"user_id":"2"}}
{"timestamp":"2025-08-01 17:12:41","message":"Iniciando processo de atualiza\u00e7\u00e3o de perfil","data":{"user_id":1,"post_data":{"nome":"Catarina","sobrenome":"Silva","email":"catsil@email.com"},"files":"foto_enviada"}}
{"timestamp":"2025-08-01 17:12:42","message":"Dados processados","data":{"nome":"Catarina","sobrenome":"Silva","email":"catsil@email.com"}}
{"timestamp":"2025-08-01 17:12:42","message":"Processando upload de foto","data":{"file_name":"perfil5.png","file_size":363841,"file_type":"image\/png"}}
{"timestamp":"2025-08-01 17:12:42","message":"Upload de foto bem-sucedido","data":{"filename":"688cf58a01f82_1754068362.png"}}
{"timestamp":"2025-08-01 17:12:42","message":"Executando query de atualiza\u00e7\u00e3o","data":{"query":"UPDATE usuarios SET nome = :nome, sobrenome = :sobrenome, email = :email, foto_perfil = :foto, updated_at = NOW() WHERE id_user = :id_user","params":[":nome",":sobrenome",":email",":id_user",":foto"]}}
{"timestamp":"2025-08-01 17:12:42","message":"Atualiza\u00e7\u00e3o bem-sucedida","data":{"rows_affected":1,"user_id":"1"}}
